                                      1 ;--------------------------------------------------------
                                      2 ; File Created by SDCC : free open source ANSI-C Compiler
                                      3 ; Version 3.4.0 #8981 (Oct  6 2014) (Linux)
                                      4 ; This file was generated Thu Feb 12 23:35:23 2015
                                      5 ;--------------------------------------------------------
                                      6 	.module blinky
                                      7 	.optsdcc -mstm8
                                      8 	
                                      9 ;--------------------------------------------------------
                                     10 ; Public variables in this module
                                     11 ;--------------------------------------------------------
                                     12 	.globl _blink
                                     13 ;--------------------------------------------------------
                                     14 ; ram data
                                     15 ;--------------------------------------------------------
                                     16 	.area DATA
                                     17 ;--------------------------------------------------------
                                     18 ; ram data
                                     19 ;--------------------------------------------------------
                                     20 	.area INITIALIZED
                                     21 ;--------------------------------------------------------
                                     22 ; absolute external ram data
                                     23 ;--------------------------------------------------------
                                     24 	.area DABS (ABS)
                                     25 ;--------------------------------------------------------
                                     26 ; global & static initialisations
                                     27 ;--------------------------------------------------------
                                     28 	.area HOME
                                     29 	.area GSINIT
                                     30 	.area GSFINAL
                                     31 	.area GSINIT
                                     32 ;--------------------------------------------------------
                                     33 ; Home
                                     34 ;--------------------------------------------------------
                                     35 	.area HOME
                                     36 	.area HOME
                                     37 ;--------------------------------------------------------
                                     38 ; code
                                     39 ;--------------------------------------------------------
                                     40 	.area CODE
                                     41 ;	blinky.c: 4: void blink (){
                                     42 ;	-----------------------------------------
                                     43 ;	 function blink
                                     44 ;	-----------------------------------------
      000000                         45 _blink:
                                     46 ;	blinky.c: 6: PE_ODR ^= 0x80;
      000000 AE 50 14         [ 2]   47 	ldw	x, #0x5014
      000003 F6               [ 1]   48 	ld	a, (x)
      000004 A8 80            [ 1]   49 	xor	a, #0x80
      000006 F7               [ 1]   50 	ld	(x), a
                                     51 ;	blinky.c: 7: for(d = 0; d < 29000; d++) { }
      000007 AE 71 48         [ 2]   52 	ldw	x, #0x7148
      00000A                         53 00105$:
      00000A 5A               [ 2]   54 	decw	x
      00000B 5D               [ 2]   55 	tnzw	x
      00000C 26 FC            [ 1]   56 	jrne	00105$
                                     57 ;	blinky.c: 8: PE_ODR ^= 0x80;
      00000E AE 50 14         [ 2]   58 	ldw	x, #0x5014
      000011 F6               [ 1]   59 	ld	a, (x)
      000012 A8 80            [ 1]   60 	xor	a, #0x80
      000014 F7               [ 1]   61 	ld	(x), a
                                     62 ;	blinky.c: 9: for(d = 0; d < 29000; d++) { }
      000015 AE 71 48         [ 2]   63 	ldw	x, #0x7148
      000018                         64 00108$:
      000018 5A               [ 2]   65 	decw	x
      000019 5D               [ 2]   66 	tnzw	x
      00001A 26 FC            [ 1]   67 	jrne	00108$
      00001C 81               [ 4]   68 	ret
                                     69 	.area CODE
                                     70 	.area INITIALIZER
                                     71 	.area CABS (ABS)
