                                      1 ;--------------------------------------------------------
                                      2 ; File Created by SDCC : free open source ANSI-C Compiler
                                      3 ; Version 3.4.0 #8981 (Oct  6 2014) (Linux)
                                      4 ; This file was generated Sat Feb 14 15:53:52 2015
                                      5 ;--------------------------------------------------------
                                      6 	.module main
                                      7 	.optsdcc -mstm8
                                      8 	
                                      9 ;--------------------------------------------------------
                                     10 ; Public variables in this module
                                     11 ;--------------------------------------------------------
                                     12 	.globl _main
                                     13 	.globl _init
                                     14 ;--------------------------------------------------------
                                     15 ; ram data
                                     16 ;--------------------------------------------------------
                                     17 	.area DATA
                                     18 ;--------------------------------------------------------
                                     19 ; ram data
                                     20 ;--------------------------------------------------------
                                     21 	.area INITIALIZED
                                     22 ;--------------------------------------------------------
                                     23 ; Stack segment in internal ram 
                                     24 ;--------------------------------------------------------
                                     25 	.area	SSEG
      000000                         26 __start__stack:
      000000                         27 	.ds	1
                                     28 
                                     29 ;--------------------------------------------------------
                                     30 ; absolute external ram data
                                     31 ;--------------------------------------------------------
                                     32 	.area DABS (ABS)
                                     33 ;--------------------------------------------------------
                                     34 ; interrupt vector 
                                     35 ;--------------------------------------------------------
                                     36 	.area HOME
      000000                         37 __interrupt_vect:
      000000 82v00u00u00             38 	int s_GSINIT ;reset
      000004 82 00 00 00             39 	int 0x0000 ;trap
      000008 82 00 00 00             40 	int 0x0000 ;int0
      00000C 82 00 00 00             41 	int 0x0000 ;int1
      000010 82 00 00 00             42 	int 0x0000 ;int2
      000014 82 00 00 00             43 	int 0x0000 ;int3
      000018 82 00 00 00             44 	int 0x0000 ;int4
      00001C 82 00 00 00             45 	int 0x0000 ;int5
      000020 82 00 00 00             46 	int 0x0000 ;int6
      000024 82 00 00 00             47 	int 0x0000 ;int7
      000028 82 00 00 00             48 	int 0x0000 ;int8
      00002C 82 00 00 00             49 	int 0x0000 ;int9
      000030 82 00 00 00             50 	int 0x0000 ;int10
      000034 82 00 00 00             51 	int 0x0000 ;int11
      000038 82 00 00 00             52 	int 0x0000 ;int12
      00003C 82 00 00 00             53 	int 0x0000 ;int13
      000040 82 00 00 00             54 	int 0x0000 ;int14
      000044 82 00 00 00             55 	int 0x0000 ;int15
      000048 82 00 00 00             56 	int 0x0000 ;int16
      00004C 82 00 00 00             57 	int 0x0000 ;int17
      000050 82 00 00 00             58 	int 0x0000 ;int18
      000054 82 00 00 00             59 	int 0x0000 ;int19
      000058 82 00 00 00             60 	int 0x0000 ;int20
      00005C 82 00 00 00             61 	int 0x0000 ;int21
      000060 82 00 00 00             62 	int 0x0000 ;int22
      000064 82 00 00 00             63 	int 0x0000 ;int23
      000068 82 00 00 00             64 	int 0x0000 ;int24
      00006C 82 00 00 00             65 	int 0x0000 ;int25
      000070 82 00 00 00             66 	int 0x0000 ;int26
      000074 82 00 00 00             67 	int 0x0000 ;int27
      000078 82 00 00 00             68 	int 0x0000 ;int28
      00007C 82 00 00 00             69 	int 0x0000 ;int29
                                     70 ;--------------------------------------------------------
                                     71 ; global & static initialisations
                                     72 ;--------------------------------------------------------
                                     73 	.area HOME
                                     74 	.area GSINIT
                                     75 	.area GSFINAL
                                     76 	.area GSINIT
      000000                         77 __sdcc_gs_init_startup:
      000000                         78 __sdcc_init_data:
                                     79 ; stm8_genXINIT() start
      000000 AEr00r00         [ 2]   80 	ldw x, #l_DATA
      000003 27 07            [ 1]   81 	jreq	00002$
      000005                         82 00001$:
      000005 72 4FuFFuFF      [ 1]   83 	clr (s_DATA - 1, x)
      000009 5A               [ 2]   84 	decw x
      00000A 26 F9            [ 1]   85 	jrne	00001$
      00000C                         86 00002$:
      00000C AEr00r00         [ 2]   87 	ldw	x, #l_INITIALIZER
      00000F 27 09            [ 1]   88 	jreq	00004$
      000011                         89 00003$:
      000011 D6uFFuFF         [ 1]   90 	ld	a, (s_INITIALIZER - 1, x)
      000014 D7uFFuFF         [ 1]   91 	ld	(s_INITIALIZED - 1, x), a
      000017 5A               [ 2]   92 	decw	x
      000018 26 F7            [ 1]   93 	jrne	00003$
      00001A                         94 00004$:
                                     95 ; stm8_genXINIT() end
                                     96 	.area GSFINAL
      000000 CCr00r80         [ 2]   97 	jp	__sdcc_program_startup
                                     98 ;--------------------------------------------------------
                                     99 ; Home
                                    100 ;--------------------------------------------------------
                                    101 	.area HOME
                                    102 	.area HOME
      000080                        103 __sdcc_program_startup:
      000080 CCr00r4A         [ 2]  104 	jp	_main
                                    105 ;	return from main will return to caller
                                    106 ;--------------------------------------------------------
                                    107 ; code
                                    108 ;--------------------------------------------------------
                                    109 	.area CODE
                                    110 ;	main.c: 95: ret_t init(void) {
                                    111 ;	-----------------------------------------
                                    112 ;	 function init
                                    113 ;	-----------------------------------------
      000000                        114 _init:
                                    115 ;	main.c: 98: ENABLE_PULLUP(GPIOA,ALL_PINS);
      000000 AE 50 03         [ 2]  116 	ldw	x, #0x5003
      000003 F6               [ 1]  117 	ld	a, (x)
      000004 AE 50 03         [ 2]  118 	ldw	x, #0x5003
      000007 A6 FF            [ 1]  119 	ld	a, #0xff
      000009 F7               [ 1]  120 	ld	(x), a
                                    121 ;	main.c: 99: SET_INPUT(GPIOA,ALL_PINS);
      00000A AE 50 02         [ 2]  122 	ldw	x, #0x5002
      00000D F6               [ 1]  123 	ld	a, (x)
      00000E AE 50 02         [ 2]  124 	ldw	x, #0x5002
      000011 7F               [ 1]  125 	clr	(x)
                                    126 ;	main.c: 100: ENABLE_PULLUP(GPIOB,ALL_PINS);
      000012 AE 50 08         [ 2]  127 	ldw	x, #0x5008
      000015 F6               [ 1]  128 	ld	a, (x)
      000016 AE 50 08         [ 2]  129 	ldw	x, #0x5008
      000019 A6 FF            [ 1]  130 	ld	a, #0xff
      00001B F7               [ 1]  131 	ld	(x), a
                                    132 ;	main.c: 101: SET_INPUT(GPIOB,ALL_PINS);
      00001C AE 50 07         [ 2]  133 	ldw	x, #0x5007
      00001F F6               [ 1]  134 	ld	a, (x)
      000020 AE 50 07         [ 2]  135 	ldw	x, #0x5007
      000023 7F               [ 1]  136 	clr	(x)
                                    137 ;	main.c: 102: ENABLE_PULLUP(GPIOC,ALL_PINS);
      000024 AE 50 0D         [ 2]  138 	ldw	x, #0x500d
      000027 F6               [ 1]  139 	ld	a, (x)
      000028 AE 50 0D         [ 2]  140 	ldw	x, #0x500d
      00002B A6 FF            [ 1]  141 	ld	a, #0xff
      00002D F7               [ 1]  142 	ld	(x), a
                                    143 ;	main.c: 103: SET_INPUT(GPIOC,ALL_PINS);
      00002E AE 50 0C         [ 2]  144 	ldw	x, #0x500c
      000031 F6               [ 1]  145 	ld	a, (x)
      000032 AE 50 0C         [ 2]  146 	ldw	x, #0x500c
      000035 7F               [ 1]  147 	clr	(x)
                                    148 ;	main.c: 104: ENABLE_PULLUP(GPIOD,ALL_PINS);
      000036 AE 50 12         [ 2]  149 	ldw	x, #0x5012
      000039 F6               [ 1]  150 	ld	a, (x)
      00003A AE 50 12         [ 2]  151 	ldw	x, #0x5012
      00003D A6 FF            [ 1]  152 	ld	a, #0xff
      00003F F7               [ 1]  153 	ld	(x), a
                                    154 ;	main.c: 105: SET_INPUT(GPIOD,ALL_PINS);
      000040 AE 50 11         [ 2]  155 	ldw	x, #0x5011
      000043 F6               [ 1]  156 	ld	a, (x)
      000044 AE 50 11         [ 2]  157 	ldw	x, #0x5011
      000047 7F               [ 1]  158 	clr	(x)
                                    159 ;	main.c: 108: return EXIT_OK;
      000048 4F               [ 1]  160 	clr	a
      000049 81               [ 4]  161 	ret
                                    162 ;	main.c: 114: int main() {
                                    163 ;	-----------------------------------------
                                    164 ;	 function main
                                    165 ;	-----------------------------------------
      00004A                        166 _main:
                                    167 ;	main.c: 117: init();
      00004A CDr00r00         [ 4]  168 	call	_init
                                    169 ;	main.c: 120: while(1){}
      00004D                        170 00102$:
      00004D 20 FE            [ 2]  171 	jra	00102$
      00004F 81               [ 4]  172 	ret
                                    173 	.area CODE
                                    174 	.area INITIALIZER
                                    175 	.area CABS (ABS)
